sample1
Blob {size: 4399, type: "audio/ogg"}
sample2
Blob {size: 3126, type: "audio/ogg"}size: 3126type: "audio/ogg"__proto__: Blob
var both = new Blob([sample1, sample2]);
undefined
both
Blob {size: 7525, type: ""}size: 7525type: ""__proto__: Blob
var url = window.URL.createObjectURL(blob);
Uncaught ReferenceError: blob is not defined(…)
var url = window.URL.createObjectURL(both);
undefined
url
"blob:https://web.whatsapp.com/4c2293f9-ef57-47d7-b1df-04ae4a71f59b"
var a = document.createElement('a');
undefined
a.href= url
"blob:https://web.whatsapp.com/4c2293f9-ef57-47d7-b1df-04ae4a71f59b"
a.download = 'both'
"both"
document.body.appendChild(a);
<a href=​"blob:​https:​/​/​web.whatsapp.com/​4c2293f9-ef57-47d7-b1df-04ae4a71f59b" download=​"both">​</a>​
a.click();
undefined
